TN:
SF:Scripts\Lib\DebouncedAction.ts
FN:6,DebouncedAction
FN:13,execute
FNF:2
FNH:1
FNDA:2,DebouncedAction
FNDA:0,execute
DA:1,1
DA:2,1
DA:3,1
DA:4,1
DA:5,1
DA:6,1
DA:7,2
DA:8,2
DA:9,2
DA:10,2
DA:11,2
DA:12,1
DA:13,1
DA:14,0
DA:15,0
DA:16,1
LF:16
LH:14
BRDA:6,0,0,2
BRF:1
BRH:1
end_of_record
TN:
SF:Scripts\Lib\DelayedAction.ts
FN:2,<instance_members_initializer>
FN:3,delay
FN:7,DelayedAction
FN:13,execute
FNF:4
FNH:4
FNDA:1,<instance_members_initializer>
FNDA:1,delay
FNDA:1,DelayedAction
FNDA:1,execute
DA:1,1
DA:2,1
DA:3,1
DA:4,1
DA:5,1
DA:6,1
DA:7,1
DA:8,1
DA:9,1
DA:10,1
DA:11,1
DA:12,1
DA:13,1
DA:14,1
DA:15,1
DA:16,1
DA:17,1
DA:18,1
DA:19,1
DA:20,1
DA:21,1
DA:22,1
DA:23,1
DA:24,1
LF:24
LH:24
BRDA:2,0,0,1
BRDA:3,1,0,1
BRDA:4,2,0,1
BRDA:7,3,0,1
BRDA:13,4,0,1
BRDA:16,5,0,1
BRDA:17,6,0,1
BRF:7
BRH:7
end_of_record
TN:
SF:Scripts\Lib\MVVM\ChildViewManager.ts
FN:4,<instance_members_initializer>
FN:7,ChildViewManager
FN:12,onElementAdded
FN:18,onElementRemoved
FN:24,addChildView
FN:35,removeAllChildViews
FN:42,removeChildView
FN:53,dispose
FNF:8
FNH:4
FNDA:1,<instance_members_initializer>
FNDA:1,ChildViewManager
FNDA:1,onElementAdded
FNDA:0,onElementRemoved
FNDA:2,addChildView
FNDA:0,removeAllChildViews
FNDA:0,removeChildView
FNDA:0,dispose
DA:1,1
DA:2,1
DA:3,1
DA:4,1
DA:5,1
DA:6,1
DA:7,1
DA:8,1
DA:9,1
DA:10,1
DA:11,1
DA:12,1
DA:13,1
DA:14,0
DA:15,0
DA:16,1
DA:17,1
DA:18,1
DA:19,0
DA:20,0
DA:21,0
DA:22,0
DA:23,1
DA:24,1
DA:25,2
DA:26,2
DA:27,2
DA:28,2
DA:29,3
DA:30,3
DA:31,2
DA:32,2
DA:33,2
DA:34,1
DA:35,1
DA:36,0
DA:37,0
DA:38,0
DA:39,0
DA:40,0
DA:41,1
DA:42,1
DA:43,0
DA:44,0
DA:45,0
DA:46,0
DA:47,0
DA:48,0
DA:49,0
DA:50,0
DA:51,0
DA:52,1
DA:53,1
DA:54,0
DA:55,0
DA:56,0
DA:57,0
DA:58,0
DA:59,1
LF:59
LH:34
BRDA:4,0,0,1
BRDA:7,1,0,1
BRDA:12,2,0,1
BRDA:13,3,0,0
BRDA:24,4,0,2
BRDA:28,5,0,3
BRF:6
BRH:5
end_of_record
TN:
SF:Scripts\Lib\MVVM\Component.ts
FN:6,<instance_members_initializer>
FN:9,Component
FN:14,onViewModelChanged
FN:36,handleChanges
FN:47,dispose
FNF:5
FNH:3
FNDA:2,<instance_members_initializer>
FNDA:2,Component
FNDA:0,onViewModelChanged
FNDA:2,handleChanges
FNDA:0,dispose
DA:1,1
DA:2,1
DA:3,1
DA:4,1
DA:5,1
DA:6,2
DA:7,2
DA:8,2
DA:9,2
DA:10,2
DA:11,2
DA:12,2
DA:13,2
DA:14,2
DA:15,0
DA:16,0
DA:17,0
DA:18,0
DA:19,0
DA:20,0
DA:21,0
DA:22,2
DA:23,2
DA:24,2
DA:25,0
DA:26,0
DA:27,0
DA:28,0
DA:29,0
DA:30,0
DA:31,0
DA:32,2
DA:33,2
DA:34,2
DA:35,2
DA:36,2
DA:37,2
DA:38,0
DA:39,0
DA:40,0
DA:41,0
DA:42,0
DA:43,0
DA:44,0
DA:45,2
DA:46,2
DA:47,2
DA:48,0
DA:49,0
DA:50,0
DA:51,2
LF:51
LH:27
BRDA:6,0,0,2
BRDA:9,1,0,2
BRDA:36,2,0,2
BRDA:37,3,0,0
BRF:4
BRH:3
end_of_record
TN:
SF:Scripts\Lib\MVVM\ComponentView.ts
FN:9,<instance_members_initializer>
FN:20,ComponentView
FN:23,get element
FN:25,get isVisible
FN:27,show
FN:37,hide
FN:47,addToParent
FN:60,removeFromParent
FN:64,dispose
FN:71,_removeElement
FNF:10
FNH:4
FNDA:3,<instance_members_initializer>
FNDA:3,ComponentView
FNDA:15,get element
FNDA:0,get isVisible
FNDA:0,show
FNDA:0,hide
FNDA:4,addToParent
FNDA:0,removeFromParent
FNDA:0,dispose
FNDA:0,_removeElement
DA:1,1
DA:2,1
DA:3,1
DA:4,1
DA:5,1
DA:6,1
DA:7,1
DA:8,1
DA:9,3
DA:10,3
DA:11,3
DA:12,3
DA:13,3
DA:14,3
DA:15,3
DA:16,3
DA:17,3
DA:18,3
DA:19,3
DA:20,3
DA:21,3
DA:22,3
DA:23,3
DA:24,3
DA:25,3
DA:26,3
DA:27,3
DA:28,0
DA:29,0
DA:30,0
DA:31,0
DA:32,0
DA:33,0
DA:34,0
DA:35,0
DA:36,3
DA:37,3
DA:38,0
DA:39,0
DA:40,0
DA:41,0
DA:42,0
DA:43,0
DA:44,0
DA:45,0
DA:46,3
DA:47,3
DA:48,4
DA:49,4
DA:50,4
DA:51,4
DA:52,4
DA:53,4
DA:54,4
DA:55,4
DA:56,4
DA:57,4
DA:58,4
DA:59,3
DA:60,3
DA:61,0
DA:62,0
DA:63,3
DA:64,3
DA:65,0
DA:66,0
DA:67,0
DA:68,0
DA:69,0
DA:70,3
DA:71,3
DA:72,0
DA:73,0
DA:74,0
DA:75,0
DA:76,0
DA:77,0
DA:78,0
DA:79,0
DA:80,0
DA:81,0
DA:82,0
DA:83,0
DA:84,0
DA:85,3
DA:86,1
DA:87,1
DA:88,1
DA:89,1
LF:89
LH:53
BRDA:9,0,0,3
BRDA:20,1,0,3
BRDA:23,2,0,15
BRDA:47,3,0,4
BRF:4
BRH:4
end_of_record
TN:
SF:Scripts\Lib\MVVM\ContainerView.ts
FN:5,<instance_members_initializer>
FN:6,block
FN:10,span
FN:14,label
FN:18,heading
FN:24,ContainerView
FN:29,addChildView
FN:33,removeAllChildViews
FN:37,removeChildView
FN:41,dispose
FNF:10
FNH:3
FNDA:1,<instance_members_initializer>
FNDA:0,block
FNDA:0,span
FNDA:0,label
FNDA:0,heading
FNDA:1,ContainerView
FNDA:2,addChildView
FNDA:0,removeAllChildViews
FNDA:0,removeChildView
FNDA:0,dispose
DA:1,1
DA:2,1
DA:3,1
DA:4,1
DA:5,1
DA:6,1
DA:7,0
DA:8,0
DA:9,1
DA:10,1
DA:11,0
DA:12,0
DA:13,1
DA:14,1
DA:15,0
DA:16,0
DA:17,1
DA:18,1
DA:19,0
DA:20,0
DA:21,1
DA:22,1
DA:23,1
DA:24,1
DA:25,1
DA:26,1
DA:27,1
DA:28,1
DA:29,1
DA:30,2
DA:31,2
DA:32,1
DA:33,1
DA:34,0
DA:35,0
DA:36,1
DA:37,1
DA:38,0
DA:39,0
DA:40,1
DA:41,1
DA:42,0
DA:43,0
DA:44,0
DA:45,1
LF:45
LH:30
BRDA:5,0,0,1
BRDA:24,1,0,1
BRDA:29,2,0,2
BRF:3
BRH:3
end_of_record
TN:
SF:Scripts\Lib\MVVM\EventManager.ts
FN:17,<instance_members_initializer>
FN:21,EventManager
FN:29,dispose
FN:40,<instance_members_initializer>
FN:41,CustomEventRegistration
FN:44,then
FN:49,<instance_members_initializer>
FN:53,CustomEventTarget
FN:56,register
FN:61,invoke
FN:72,unregister
FN:80,dispose
FNF:12
FNH:9
FNDA:5,<instance_members_initializer>
FNDA:5,EventManager
FNDA:0,dispose
FNDA:8,<instance_members_initializer>
FNDA:8,CustomEventRegistration
FNDA:4,then
FNDA:8,<instance_members_initializer>
FNDA:8,CustomEventTarget
FNDA:4,register
FNDA:5,invoke
FNDA:0,unregister
FNDA:0,dispose
DA:1,1
DA:2,1
DA:3,1
DA:4,1
DA:5,1
DA:6,1
DA:7,1
DA:8,1
DA:9,1
DA:10,1
DA:11,1
DA:12,1
DA:13,1
DA:14,1
DA:15,1
DA:16,1
DA:17,5
DA:18,5
DA:19,5
DA:20,5
DA:21,5
DA:22,5
DA:23,8
DA:24,8
DA:25,8
DA:26,8
DA:27,5
DA:28,5
DA:29,5
DA:30,0
DA:31,0
DA:32,0
DA:33,0
DA:34,0
DA:35,0
DA:36,0
DA:37,0
DA:38,5
DA:39,1
DA:40,8
DA:41,8
DA:42,8
DA:43,8
DA:44,8
DA:45,4
DA:46,4
DA:47,8
DA:48,1
DA:49,8
DA:50,8
DA:51,8
DA:52,8
DA:53,8
DA:54,8
DA:55,8
DA:56,8
DA:57,4
DA:58,4
DA:59,4
DA:60,8
DA:61,8
DA:62,5
DA:63,5
DA:64,5
DA:65,5
DA:66,5
DA:67,5
DA:68,5
DA:69,5
DA:70,5
DA:71,8
DA:72,8
DA:73,0
DA:74,0
DA:75,0
DA:76,0
DA:77,0
DA:78,0
DA:79,8
DA:80,8
DA:81,0
DA:82,0
DA:83,0
DA:84,0
DA:85,0
DA:86,8
LF:86
LH:67
BRDA:17,0,0,5
BRDA:21,1,0,5
BRDA:22,2,0,8
BRDA:40,3,0,8
BRDA:41,4,0,8
BRDA:44,5,0,4
BRDA:49,6,0,8
BRDA:53,7,0,8
BRDA:56,8,0,4
BRDA:61,9,0,5
BRF:10
BRH:10
end_of_record
TN:
SF:Scripts\Lib\MVVM\MvvmPage.ts
FN:7,<instance_members_initializer>
FN:8,MvvmOptions
FN:16,get debouncedViewModelChangedWait
FN:17,set debouncedViewModelChangedWait
FN:20,<instance_members_initializer>
FN:21,<static_initializer>
FN:23,get
FN:27,create
FN:33,MvvmPage
FN:41,<static_initializer>
FN:43,RootView
FNF:11
FNH:10
FNDA:1,<instance_members_initializer>
FNDA:1,MvvmOptions
FNDA:2,get debouncedViewModelChangedWait
FNDA:0,set debouncedViewModelChangedWait
FNDA:1,<instance_members_initializer>
FNDA:1,<static_initializer>
FNDA:2,get
FNDA:1,create
FNDA:1,MvvmPage
FNDA:1,<static_initializer>
FNDA:1,RootView
DA:1,1
DA:2,1
DA:3,1
DA:4,1
DA:5,1
DA:6,1
DA:7,1
DA:8,1
DA:9,1
DA:10,1
DA:11,1
DA:12,1
DA:13,1
DA:14,1
DA:15,1
DA:16,1
DA:17,1
DA:18,1
DA:19,1
DA:20,1
DA:21,1
DA:22,1
DA:23,1
DA:24,2
DA:25,2
DA:26,1
DA:27,1
DA:28,1
DA:29,1
DA:30,1
DA:31,1
DA:32,1
DA:33,1
DA:34,1
DA:35,1
DA:36,1
DA:37,1
DA:38,1
DA:39,1
DA:40,1
DA:41,1
DA:42,1
DA:43,1
DA:44,1
DA:45,1
DA:46,1
DA:47,1
DA:48,1
LF:48
LH:48
BRDA:7,0,0,1
BRDA:8,1,0,1
BRDA:11,2,0,0
BRDA:16,3,0,2
BRDA:20,4,0,1
BRDA:21,5,0,1
BRDA:23,6,0,2
BRDA:24,7,0,0
BRDA:27,8,0,1
BRDA:33,9,0,1
BRDA:41,10,0,1
BRDA:43,11,0,1
BRDA:44,12,0,1
BRF:13
BRH:11
end_of_record
TN:
SF:Scripts\Lib\MVVM\StyleableComponentView.ts
FN:4,<instance_members_initializer>
FN:7,StyleableComponentView
FN:11,addToParent
FN:24,setID
FN:28,setName
FN:32,setTitle
FN:36,setAttribute
FN:40,setAttributes
FNF:8
FNH:6
FNDA:3,<instance_members_initializer>
FNDA:3,StyleableComponentView
FNDA:4,addToParent
FNDA:4,setID
FNDA:0,setName
FNDA:0,setTitle
FNDA:4,setAttribute
FNDA:5,setAttributes
DA:1,1
DA:2,1
DA:3,1
DA:4,3
DA:5,3
DA:6,3
DA:7,3
DA:8,3
DA:9,3
DA:10,3
DA:11,3
DA:12,4
DA:13,4
DA:14,4
DA:15,4
DA:16,2
DA:17,2
DA:18,2
DA:19,2
DA:20,2
DA:21,4
DA:22,4
DA:23,3
DA:24,3
DA:25,4
DA:26,4
DA:27,3
DA:28,3
DA:29,0
DA:30,0
DA:31,3
DA:32,3
DA:33,0
DA:34,0
DA:35,3
DA:36,3
DA:37,4
DA:38,4
DA:39,3
DA:40,3
DA:41,5
DA:42,5
DA:43,5
DA:44,5
DA:45,0
DA:46,0
DA:47,5
DA:48,5
DA:49,5
DA:50,5
DA:51,5
DA:52,5
DA:53,4
DA:54,4
DA:55,4
DA:56,0
DA:57,0
DA:58,4
DA:59,4
DA:60,4
DA:61,4
DA:62,4
DA:63,5
DA:64,3
LF:64
LH:56
BRDA:4,0,0,3
BRDA:7,1,0,3
BRDA:11,2,0,4
BRDA:15,3,0,2
BRDA:24,4,0,4
BRDA:36,5,0,4
BRDA:40,6,0,5
BRDA:44,7,0,0
BRDA:52,8,0,4
BRDA:55,9,0,0
BRF:10
BRH:8
end_of_record
TN:
SF:Scripts\Lib\MVVM\TextComponent.ts
FN:5,<instance_members_initializer>
FN:6,TextComponentViewModel
FN:11,get text
FN:12,set text
FN:15,get title
FN:16,set title
FN:19,<instance_members_initializer>
FN:20,TextComponent
FN:25,handleChanges
FNF:9
FNH:7
FNDA:2,<instance_members_initializer>
FNDA:2,TextComponentViewModel
FNDA:4,get text
FNDA:1,set text
FNDA:0,get title
FNDA:0,set title
FNDA:2,<instance_members_initializer>
FNDA:2,TextComponent
FNDA:2,handleChanges
DA:1,1
DA:2,1
DA:3,1
DA:4,1
DA:5,2
DA:6,2
DA:7,2
DA:8,2
DA:9,2
DA:10,2
DA:11,2
DA:12,2
DA:13,2
DA:14,2
DA:15,2
DA:16,2
DA:17,2
DA:18,1
DA:19,2
DA:20,2
DA:21,2
DA:22,2
DA:23,2
DA:24,2
DA:25,2
DA:26,2
DA:27,2
DA:28,1
DA:29,1
DA:30,1
DA:31,0
DA:32,0
DA:33,2
DA:34,2
LF:34
LH:32
BRDA:5,0,0,2
BRDA:6,1,0,2
BRDA:11,2,0,4
BRDA:12,3,0,1
BRDA:19,4,0,2
BRDA:20,5,0,2
BRDA:25,6,0,2
BRDA:27,7,0,1
BRDA:30,8,0,0
BRF:9
BRH:8
end_of_record
TN:
SF:Scripts\Lib\MVVM\TextComponentView.ts
FN:4,<instance_members_initializer>
FN:5,block
FN:9,span
FN:13,label
FN:17,heading
FN:23,TextComponentView
FN:29,setText
FN:37,addToParent
FNF:8
FNH:5
FNDA:2,<instance_members_initializer>
FNDA:2,block
FNDA:0,span
FNDA:0,label
FNDA:0,heading
FNDA:2,TextComponentView
FNDA:1,setText
FNDA:3,addToParent
DA:1,1
DA:2,1
DA:3,1
DA:4,2
DA:5,2
DA:6,2
DA:7,2
DA:8,2
DA:9,2
DA:10,0
DA:11,0
DA:12,2
DA:13,2
DA:14,0
DA:15,0
DA:16,2
DA:17,2
DA:18,0
DA:19,0
DA:20,2
DA:21,2
DA:22,2
DA:23,2
DA:24,2
DA:25,2
DA:26,2
DA:27,2
DA:28,2
DA:29,2
DA:30,1
DA:31,1
DA:32,1
DA:33,1
DA:34,1
DA:35,1
DA:36,2
DA:37,2
DA:38,3
DA:39,3
DA:40,3
DA:41,3
DA:42,3
DA:43,3
DA:44,2
LF:44
LH:38
BRDA:4,0,0,2
BRDA:5,1,0,2
BRDA:6,2,0,3
BRDA:23,3,0,2
BRDA:29,4,0,1
BRDA:37,5,0,3
BRF:6
BRH:6
end_of_record
TN:
SF:Scripts\Lib\MVVM\ViewModel.ts
FN:7,<instance_members_initializer>
FN:16,ViewModel
FN:20,set
FN:42,get changes
FN:46,get isVisible
FN:48,set isVisible
FN:50,dispose
FN:71,<instance_members_initializer>
FN:72,PropertyChange
FNF:9
FNH:6
FNDA:2,<instance_members_initializer>
FNDA:2,ViewModel
FNDA:2,set
FNDA:2,get changes
FNDA:0,get isVisible
FNDA:0,set isVisible
FNDA:0,dispose
FNDA:1,<instance_members_initializer>
FNDA:1,PropertyChange
DA:1,1
DA:2,1
DA:3,1
DA:4,1
DA:5,1
DA:6,1
DA:7,2
DA:8,2
DA:9,2
DA:10,2
DA:11,2
DA:12,2
DA:13,2
DA:14,2
DA:15,2
DA:16,2
DA:17,2
DA:18,2
DA:19,2
DA:20,2
DA:21,2
DA:22,2
DA:23,1
DA:24,1
DA:25,1
DA:26,1
DA:27,1
DA:28,1
DA:29,1
DA:30,1
DA:31,1
DA:32,1
DA:33,1
DA:34,1
DA:35,1
DA:36,2
DA:37,2
DA:38,2
DA:39,2
DA:40,2
DA:41,2
DA:42,2
DA:43,2
DA:44,2
DA:45,2
DA:46,2
DA:47,2
DA:48,2
DA:49,2
DA:50,2
DA:51,0
DA:52,0
DA:53,2
DA:54,1
DA:55,1
DA:56,1
DA:57,1
DA:58,1
DA:59,1
DA:60,1
DA:61,1
DA:62,1
DA:63,1
DA:64,1
DA:65,1
DA:66,1
DA:67,1
DA:68,1
DA:69,1
DA:70,1
DA:71,1
DA:72,1
DA:73,1
DA:74,1
DA:75,1
DA:76,1
DA:77,1
DA:78,1
DA:79,1
LF:79
LH:77
BRDA:7,0,0,2
BRDA:16,1,0,2
BRDA:20,2,0,2
BRDA:22,3,0,1
BRDA:42,4,0,2
BRDA:71,5,0,1
BRDA:72,6,0,1
BRF:7
BRH:7
end_of_record
